###############################################################################
#
# IAR C/C++ Compiler V9.30.1.3056 for 8051                06/Dec/2016  10:52:54
# Copyright 2004-2015 IAR Systems AB.
# Standalone license - IAR Embedded Workbench for 8051
#
#    Core               =  plain
#    Code model         =  banked
#    Data model         =  large
#    Calling convention =  xdata reentrant
#    Constant location  =  data_rom
#    Dptr setup         =  1,16
#                          
#    Source file        =  
#        D:\_GIT_COMBROS\[COMBROS] Z-Stack Home
#        1.2.2a.44539\Projects\zstack\HomeAutomation\MY-SOURCE\MS_GLOBAL.c
#    Command line       =  
#        -f "D:\_GIT_COMBROS\[COMBROS] Z-Stack Home
#        1.2.2a.44539\Projects\zstack\HomeAutomation\SampleTemperatureSensor\CC2530DB\..\..\..\Tools\CC2530DB\f8wCoord.cfg"
#        (-DCPU32MHZ -DROOT=__near_func -DMAC_CFG_APP_PENDING_QUEUE=TRUE
#        -DMAC_CFG_TX_DATA_MAX=5 -DMAC_CFG_TX_MAX=8 -DMAC_CFG_RX_MAX=5
#        -DZDO_COORDINATOR -DRTR_NWK) -f "D:\_GIT_COMBROS\[COMBROS] Z-Stack
#        Home
#        1.2.2a.44539\Projects\zstack\HomeAutomation\SampleTemperatureSensor\CC2530DB\..\..\..\Tools\CC2530DB\f8wConfig.cfg"
#        (-DZIGBEEPRO -DSECURE=1 -DZG_SECURE_DYNAMIC=0 -DREFLECTOR
#        -DDEFAULT_CHANLIST=0x00000800 -DZDAPP_CONFIG_PAN_ID=0xFAFA
#        -DNWK_START_DELAY=100 -DEXTENDED_JOINING_RANDOM_MASK=0x007F
#        -DBEACON_REQUEST_DELAY=100 -DBEACON_REQ_DELAY_MASK=0x00FF
#        -DLINK_STATUS_JITTER_MASK=0x007F -DROUTE_EXPIRY_TIME=30
#        -DAPSC_ACK_WAIT_DURATION_POLLED=3000 -DNWK_INDIRECT_MSG_TIMEOUT=7
#        -DMAX_RREQ_ENTRIES=8 -DAPSC_MAX_FRAME_RETRIES=3
#        -DNWK_MAX_DATA_RETRIES=2 -DMAX_POLL_FAILURE_RETRIES=2 -DMAX_BCAST=9
#        -DAPS_MAX_GROUPS=16 -DMAX_RTG_ENTRIES=40 -DNWK_MAX_BINDING_ENTRIES=4
#        -DMAX_BINDING_CLUSTER_IDS=4 "-DDEFAULT_KEY={0x01, 0x03, 0x05, 0x07,
#        0x09, 0x0B, 0x0D, 0x0F, 0x00, 0x02, 0x04, 0x06, 0x08, 0x0A, 0x0C,
#        0x0D}" -DMAC_MAX_FRAME_SIZE=116 -DZDNWKMGR_MIN_TRANSMISSIONS=20
#        "-DCONST=const __code" -DGENERIC=__generic -DRFD_RCVC_ALWAYS_ON=FALSE
#        -DPOLL_RATE=1000 -DQUEUED_POLL_RATE=100 -DRESPONSE_POLL_RATE=100
#        -DREJOIN_POLL_RATE=440 -DREJOIN_BACKOFF=900000 -DREJOIN_SCAN=900000)
#        -f "D:\_GIT_COMBROS\[COMBROS] Z-Stack Home
#        1.2.2a.44539\Projects\zstack\HomeAutomation\SampleTemperatureSensor\CC2530DB\..\..\..\Tools\CC2530DB\f8wZCL.cfg"
#        "D:\_GIT_COMBROS\[COMBROS] Z-Stack Home
#        1.2.2a.44539\Projects\zstack\HomeAutomation\MY-SOURCE\MS_GLOBAL.c" -D
#        SECURE=1 -D TC_LINKKEY_JOIN -D NV_INIT -D xNV_RESTORE -D
#        xHOLD_AUTO_START -D ZTOOL_P1 -D MT_TASK -D MT_APP_FUNC -D MT_SYS_FUNC
#        -D MT_ZDO_FUNC -D LCD_SUPPORTED=DEBUG -D MULTICAST_ENABLED=FALSE -D
#        ZCL_READ -D ZCL_WRITE -D ZCL_REPORT -D ZCL_EZMODE -D ZCL_BASIC -D
#        ZCL_IDENTIFY -D ZCL_TEMPERATURE_MEASUREMENT -lC
#        "D:\_GIT_COMBROS\[COMBROS] Z-Stack Home
#        1.2.2a.44539\Projects\zstack\HomeAutomation\SampleTemperatureSensor\CC2530DB\CoordinatorEB\List"
#        -lA "D:\_GIT_COMBROS\[COMBROS] Z-Stack Home
#        1.2.2a.44539\Projects\zstack\HomeAutomation\SampleTemperatureSensor\CC2530DB\CoordinatorEB\List"
#        --diag_suppress Pe001,Pa010 -o "D:\_GIT_COMBROS\[COMBROS] Z-Stack Home
#        1.2.2a.44539\Projects\zstack\HomeAutomation\SampleTemperatureSensor\CC2530DB\CoordinatorEB\Obj"
#        -e --debug --core=plain --dptr=16,1 --data_model=large
#        --code_model=banked --calling_convention=xdata_reentrant
#        --place_constants=data_rom --nr_virtual_regs 16 -I
#        "D:\_GIT_COMBROS\[COMBROS] Z-Stack Home
#        1.2.2a.44539\Projects\zstack\HomeAutomation\SampleTemperatureSensor\CC2530DB\"
#        -I "D:\_GIT_COMBROS\[COMBROS] Z-Stack Home
#        1.2.2a.44539\Projects\zstack\HomeAutomation\SampleTemperatureSensor\CC2530DB\..\Source\"
#        -I "D:\_GIT_COMBROS\[COMBROS] Z-Stack Home
#        1.2.2a.44539\Projects\zstack\HomeAutomation\SampleTemperatureSensor\CC2530DB\..\..\Source\"
#        -I "D:\_GIT_COMBROS\[COMBROS] Z-Stack Home
#        1.2.2a.44539\Projects\zstack\HomeAutomation\SampleTemperatureSensor\CC2530DB\..\..\..\ZMain\TI2530DB\"
#        -I "D:\_GIT_COMBROS\[COMBROS] Z-Stack Home
#        1.2.2a.44539\Projects\zstack\HomeAutomation\SampleTemperatureSensor\CC2530DB\..\..\..\..\..\Components\hal\include\"
#        -I "D:\_GIT_COMBROS\[COMBROS] Z-Stack Home
#        1.2.2a.44539\Projects\zstack\HomeAutomation\SampleTemperatureSensor\CC2530DB\..\..\..\..\..\Components\hal\target\CC2530EB\"
#        -I "D:\_GIT_COMBROS\[COMBROS] Z-Stack Home
#        1.2.2a.44539\Projects\zstack\HomeAutomation\SampleTemperatureSensor\CC2530DB\..\..\..\..\..\Components\mac\include\"
#        -I "D:\_GIT_COMBROS\[COMBROS] Z-Stack Home
#        1.2.2a.44539\Projects\zstack\HomeAutomation\SampleTemperatureSensor\CC2530DB\..\..\..\..\..\Components\mac\high_level\"
#        -I "D:\_GIT_COMBROS\[COMBROS] Z-Stack Home
#        1.2.2a.44539\Projects\zstack\HomeAutomation\SampleTemperatureSensor\CC2530DB\..\..\..\..\..\Components\mac\low_level\srf04\"
#        -I "D:\_GIT_COMBROS\[COMBROS] Z-Stack Home
#        1.2.2a.44539\Projects\zstack\HomeAutomation\SampleTemperatureSensor\CC2530DB\..\..\..\..\..\Components\mac\low_level\srf04\single_chip\"
#        -I "D:\_GIT_COMBROS\[COMBROS] Z-Stack Home
#        1.2.2a.44539\Projects\zstack\HomeAutomation\SampleTemperatureSensor\CC2530DB\..\..\..\..\..\Components\mt\"
#        -I "D:\_GIT_COMBROS\[COMBROS] Z-Stack Home
#        1.2.2a.44539\Projects\zstack\HomeAutomation\SampleTemperatureSensor\CC2530DB\..\..\..\..\..\Components\osal\include\"
#        -I "D:\_GIT_COMBROS\[COMBROS] Z-Stack Home
#        1.2.2a.44539\Projects\zstack\HomeAutomation\SampleTemperatureSensor\CC2530DB\..\..\..\..\..\Components\services\saddr\"
#        -I "D:\_GIT_COMBROS\[COMBROS] Z-Stack Home
#        1.2.2a.44539\Projects\zstack\HomeAutomation\SampleTemperatureSensor\CC2530DB\..\..\..\..\..\Components\services\sdata\"
#        -I "D:\_GIT_COMBROS\[COMBROS] Z-Stack Home
#        1.2.2a.44539\Projects\zstack\HomeAutomation\SampleTemperatureSensor\CC2530DB\..\..\..\..\..\Components\stack\af\"
#        -I "D:\_GIT_COMBROS\[COMBROS] Z-Stack Home
#        1.2.2a.44539\Projects\zstack\HomeAutomation\SampleTemperatureSensor\CC2530DB\..\..\..\..\..\Components\stack\nwk\"
#        -I "D:\_GIT_COMBROS\[COMBROS] Z-Stack Home
#        1.2.2a.44539\Projects\zstack\HomeAutomation\SampleTemperatureSensor\CC2530DB\..\..\..\..\..\Components\stack\sapi\"
#        -I "D:\_GIT_COMBROS\[COMBROS] Z-Stack Home
#        1.2.2a.44539\Projects\zstack\HomeAutomation\SampleTemperatureSensor\CC2530DB\..\..\..\..\..\Components\stack\sec\"
#        -I "D:\_GIT_COMBROS\[COMBROS] Z-Stack Home
#        1.2.2a.44539\Projects\zstack\HomeAutomation\SampleTemperatureSensor\CC2530DB\..\..\..\..\..\Components\stack\sys\"
#        -I "D:\_GIT_COMBROS\[COMBROS] Z-Stack Home
#        1.2.2a.44539\Projects\zstack\HomeAutomation\SampleTemperatureSensor\CC2530DB\..\..\..\..\..\Components\stack\zcl\"
#        -I "D:\_GIT_COMBROS\[COMBROS] Z-Stack Home
#        1.2.2a.44539\Projects\zstack\HomeAutomation\SampleTemperatureSensor\CC2530DB\..\..\..\..\..\Components\stack\zdo\"
#        -I "D:\_GIT_COMBROS\[COMBROS] Z-Stack Home
#        1.2.2a.44539\Projects\zstack\HomeAutomation\SampleTemperatureSensor\CC2530DB\..\..\..\..\..\Components\zmac\"
#        -I "D:\_GIT_COMBROS\[COMBROS] Z-Stack Home
#        1.2.2a.44539\Projects\zstack\HomeAutomation\SampleTemperatureSensor\CC2530DB\..\..\..\..\..\Components\zmac\f8w\"
#        -Ohz --require_prototypes
#    List file          =  
#        D:\_GIT_COMBROS\[COMBROS] Z-Stack Home
#        1.2.2a.44539\Projects\zstack\HomeAutomation\SampleTemperatureSensor\CC2530DB\CoordinatorEB\List\MS_GLOBAL.lst
#    Object file        =  
#        D:\_GIT_COMBROS\[COMBROS] Z-Stack Home
#        1.2.2a.44539\Projects\zstack\HomeAutomation\SampleTemperatureSensor\CC2530DB\CoordinatorEB\Obj\MS_GLOBAL.r51
#
###############################################################################

D:\_GIT_COMBROS\[COMBROS] Z-Stack Home 1.2.2a.44539\Projects\zstack\HomeAutomation\MY-SOURCE\MS_GLOBAL.c
      1          /*******************************************************************************
      2           *                                            INCLUDES
      3           *******************************************************************************/
      4          #include "MS_GLOBAL.h"
      5          
      6          /*******************************************************************************
      7           *                                             MACROS
      8           *******************************************************************************/
      9          
     10          /*******************************************************************************
     11           *                                            CONSTANTS
     12           *******************************************************************************/
     13           
     14          /*******************************************************************************
     15           *                                             TYPEDEFS
     16           *******************************************************************************/
     17          
     18          /*******************************************************************************
     19           *                                         GLOBAL VARIABLES
     20           *******************************************************************************/

   \                                 In  segment XDATA_Z, align 1, keep-with-next
     21          bool FLAG_JOIN_CONFIRM 			= FALSE;
   \                     FLAG_JOIN_CONFIRM:
   \   000000                DS 1
   \   000001                REQUIRE __INIT_XDATA_Z

   \                                 In  segment XDATA_Z, align 1, keep-with-next
     22          bool FLAG_BINDING 			= FALSE;
   \                     FLAG_BINDING:
   \   000000                DS 1
   \   000001                REQUIRE __INIT_XDATA_Z

   \                                 In  segment XDATA_Z, align 1, keep-with-next
     23          bool FLAG_HARD_BINDING 	= FALSE;
   \                     FLAG_HARD_BINDING:
   \   000000                DS 1
   \   000001                REQUIRE __INIT_XDATA_Z
     24          

   \                                 In  segment XDATA_Z, align 1, keep-with-next
     25          int8 msg_RSSI = 0;
   \                     msg_RSSI:
   \   000000                DS 1
   \   000001                REQUIRE __INIT_XDATA_Z
     26          /*******************************************************************************
     27           *                                          FUNCTIONS - External
     28           *******************************************************************************/
     29          
     30          /*******************************************************************************
     31           *                                          FUNCTIONS - Local
     32           *******************************************************************************/
     33          
     34          /*******************************************************************************
     35           *                                          FUNCTIONS - API
     36           *******************************************************************************/
     37          
     38          /*******************************************************************************
     39          ********************************************************************************/


   Segment part sizes:

   Bytes  Function/Label
   -----  --------------
       1  FLAG_BINDING
       1  FLAG_HARD_BINDING
       1  FLAG_JOIN_CONFIRM
       1  msg_RSSI

 
 4 bytes in segment XDATA_Z
 
 4 bytes of XDATA memory

Errors: none
Warnings: none
